mode: set
iHR/cmd/app/main.go:12.13,14.16 2 0
iHR/cmd/app/main.go:14.16,16.3 1 0
iHR/cmd/app/main.go:17.2,21.16 3 0
iHR/cmd/app/main.go:21.16,23.3 1 0
iHR/cmd/app/main.go:25.2,29.9 3 0
iHR/cmd/db/migration/migration.go:12.13,14.16 2 0
iHR/cmd/db/migration/migration.go:14.16,16.3 1 0
iHR/cmd/db/migration/migration.go:17.2,22.43 2 0
iHR/cmd/db/migration/migration.go:35.59,36.75 1 0
iHR/cmd/db/migration/migration.go:36.75,39.3 2 0
iHR/cmd/db/migration/migration.go:40.2,40.61 1 0
iHR/cmd/db/migration/migration.go:43.61,44.77 1 0
iHR/cmd/db/migration/migration.go:44.77,47.3 2 0
iHR/cmd/db/migration/migration.go:48.2,48.61 1 0
iHR/cmd/db/migration/migration.go:51.63,52.79 1 0
iHR/cmd/db/migration/migration.go:52.79,55.3 2 0
iHR/cmd/db/migration/migration.go:56.2,56.73 1 0
iHR/cmd/db/migration/migration.go:59.52,60.68 1 0
iHR/cmd/db/migration/migration.go:60.68,63.3 2 0
iHR/cmd/db/migration/migration.go:64.2,64.54 1 0
iHR/cmd/db/migration/migration.go:67.35,68.58 1 0
iHR/cmd/db/migration/migration.go:68.58,71.3 2 0
iHR/cmd/db/migration/migration.go:72.2,72.81 1 0
iHR/config/config.go:22.36,24.2 1 0
iHR/config/config.go:26.51,28.16 2 0
iHR/config/config.go:28.16,30.3 1 0
iHR/config/config.go:31.2,36.16 5 0
iHR/config/config.go:36.16,38.3 1 0
iHR/config/config.go:39.2,39.21 1 0
iHR/cmd/db/seed/seed.go:14.13,16.16 2 0
iHR/cmd/db/seed/seed.go:16.16,18.3 1 0
iHR/cmd/db/seed/seed.go:19.2,22.16 3 0
iHR/cmd/db/seed/seed.go:22.16,24.3 1 0
iHR/cmd/db/seed/seed.go:25.2,29.16 4 0
iHR/cmd/db/seed/seed.go:29.16,31.3 1 0
iHR/cmd/db/seed/seed.go:33.2,33.33 1 0
iHR/cmd/db/seed/seed.go:33.33,34.13 1 0
iHR/cmd/db/seed/seed.go:34.13,36.12 1 0
iHR/cmd/db/seed/seed.go:39.3,46.55 2 0
iHR/cmd/db/seed/seed.go:46.55,48.4 1 0
iHR/cmd/db/seed/seed.go:48.9,50.4 1 0
iHR/cmd/db/seed/seed.go:53.2,53.38 1 0
iHR/db/repositories/employee.go:22.49,24.2 1 0
iHR/db/repositories/employee.go:26.78,27.52 1 0
iHR/db/repositories/employee.go:27.52,29.3 1 0
iHR/db/repositories/employee.go:31.2,31.22 1 0
iHR/db/repositories/employee.go:34.62,36.52 2 0
iHR/db/repositories/employee.go:36.52,38.3 1 0
iHR/db/repositories/employee.go:39.2,39.23 1 0
iHR/db/repositories/employee.go:42.68,44.55 2 0
iHR/db/repositories/employee.go:44.55,46.3 1 0
iHR/db/repositories/employee.go:47.2,47.22 1 0
iHR/db/repositories/employee.go:50.90,52.16 2 0
iHR/db/repositories/employee.go:52.16,54.3 1 0
iHR/db/repositories/employee.go:56.2,56.70 1 0
iHR/db/repositories/employee.go:56.70,58.3 1 0
iHR/db/repositories/employee.go:59.2,59.22 1 0
iHR/db/repositories/employee.go:62.54,64.16 2 0
iHR/db/repositories/employee.go:64.16,66.3 1 0
iHR/db/repositories/employee.go:67.2,67.44 1 0
iHR/db/db.go:17.36,18.15 1 0
iHR/db/db.go:18.15,21.3 2 0
iHR/db/db.go:23.2,23.17 1 0
iHR/db/db.go:23.17,28.17 4 0
iHR/db/db.go:28.17,30.4 1 0
iHR/db/db.go:32.3,32.50 1 0
iHR/db/repositories/mocks/EmployeeRepository.go:17.99,20.19 2 0
iHR/db/repositories/mocks/EmployeeRepository.go:20.19,21.56 1 0
iHR/db/repositories/mocks/EmployeeRepository.go:24.2,26.81 3 0
iHR/db/repositories/mocks/EmployeeRepository.go:26.81,28.3 1 0
iHR/db/repositories/mocks/EmployeeRepository.go:29.2,29.72 1 0
iHR/db/repositories/mocks/EmployeeRepository.go:29.72,31.3 1 0
iHR/db/repositories/mocks/EmployeeRepository.go:31.8,32.24 1 0
iHR/db/repositories/mocks/EmployeeRepository.go:32.24,34.4 1 0
iHR/db/repositories/mocks/EmployeeRepository.go:37.2,37.61 1 0
iHR/db/repositories/mocks/EmployeeRepository.go:37.61,39.3 1 0
iHR/db/repositories/mocks/EmployeeRepository.go:39.8,41.3 1 0
iHR/db/repositories/mocks/EmployeeRepository.go:43.2,43.15 1 0
iHR/db/repositories/mocks/EmployeeRepository.go:47.61,50.19 2 0
iHR/db/repositories/mocks/EmployeeRepository.go:50.19,51.56 1 0
iHR/db/repositories/mocks/EmployeeRepository.go:54.2,55.49 2 0
iHR/db/repositories/mocks/EmployeeRepository.go:55.49,57.3 1 0
iHR/db/repositories/mocks/EmployeeRepository.go:57.8,59.3 1 0
iHR/db/repositories/mocks/EmployeeRepository.go:61.2,61.11 1 0
iHR/db/repositories/mocks/EmployeeRepository.go:65.76,68.19 2 0
iHR/db/repositories/mocks/EmployeeRepository.go:68.19,69.57 1 0
iHR/db/repositories/mocks/EmployeeRepository.go:72.2,74.66 3 0
iHR/db/repositories/mocks/EmployeeRepository.go:74.66,76.3 1 0
iHR/db/repositories/mocks/EmployeeRepository.go:77.2,77.57 1 0
iHR/db/repositories/mocks/EmployeeRepository.go:77.57,79.3 1 0
iHR/db/repositories/mocks/EmployeeRepository.go:79.8,80.24 1 0
iHR/db/repositories/mocks/EmployeeRepository.go:80.24,82.4 1 0
iHR/db/repositories/mocks/EmployeeRepository.go:85.2,85.45 1 0
iHR/db/repositories/mocks/EmployeeRepository.go:85.45,87.3 1 0
iHR/db/repositories/mocks/EmployeeRepository.go:87.8,89.3 1 0
iHR/db/repositories/mocks/EmployeeRepository.go:91.2,91.15 1 0
iHR/db/repositories/mocks/EmployeeRepository.go:95.82,98.19 2 0
iHR/db/repositories/mocks/EmployeeRepository.go:98.19,99.57 1 0
iHR/db/repositories/mocks/EmployeeRepository.go:102.2,104.69 3 0
iHR/db/repositories/mocks/EmployeeRepository.go:104.69,106.3 1 0
iHR/db/repositories/mocks/EmployeeRepository.go:107.2,107.60 1 0
iHR/db/repositories/mocks/EmployeeRepository.go:107.60,109.3 1 0
iHR/db/repositories/mocks/EmployeeRepository.go:109.8,110.24 1 0
iHR/db/repositories/mocks/EmployeeRepository.go:110.24,112.4 1 0
iHR/db/repositories/mocks/EmployeeRepository.go:115.2,115.49 1 0
iHR/db/repositories/mocks/EmployeeRepository.go:115.49,117.3 1 0
iHR/db/repositories/mocks/EmployeeRepository.go:117.8,119.3 1 0
iHR/db/repositories/mocks/EmployeeRepository.go:121.2,121.15 1 0
iHR/db/repositories/mocks/EmployeeRepository.go:125.111,128.19 2 0
iHR/db/repositories/mocks/EmployeeRepository.go:128.19,129.60 1 0
iHR/db/repositories/mocks/EmployeeRepository.go:132.2,134.87 3 0
iHR/db/repositories/mocks/EmployeeRepository.go:134.87,136.3 1 0
iHR/db/repositories/mocks/EmployeeRepository.go:137.2,137.78 1 0
iHR/db/repositories/mocks/EmployeeRepository.go:137.78,139.3 1 0
iHR/db/repositories/mocks/EmployeeRepository.go:139.8,140.24 1 0
iHR/db/repositories/mocks/EmployeeRepository.go:140.24,142.4 1 0
iHR/db/repositories/mocks/EmployeeRepository.go:145.2,145.67 1 0
iHR/db/repositories/mocks/EmployeeRepository.go:145.67,147.3 1 0
iHR/db/repositories/mocks/EmployeeRepository.go:147.8,149.3 1 0
iHR/db/repositories/mocks/EmployeeRepository.go:151.2,151.15 1 0
iHR/db/repositories/mocks/EmployeeRepository.go:159.24,163.19 3 0
iHR/db/repositories/mocks/EmployeeRepository.go:163.19,163.49 1 0
iHR/db/repositories/mocks/EmployeeRepository.go:165.2,165.13 1 0
iHR/route/employee_routes.go:10.44,12.2 2 0
iHR/route/employee_routes.go:12.2,20.3 7 0
iHR/utils/utils.go:9.57,11.41 2 0
iHR/utils/utils.go:11.41,14.3 2 0
iHR/utils/utils.go:15.2,15.18 1 0
iHR/config/config.go:22.36,24.2 1 0
iHR/config/config.go:26.51,28.16 2 0
iHR/config/config.go:28.16,30.3 1 0
iHR/config/config.go:31.2,36.16 5 0
iHR/config/config.go:36.16,38.3 1 0
iHR/config/config.go:39.2,39.21 1 0
iHR/db/db.go:17.36,18.15 1 0
iHR/db/db.go:18.15,21.3 2 0
iHR/db/db.go:23.2,23.17 1 0
iHR/db/db.go:23.17,28.17 4 0
iHR/db/db.go:28.17,30.4 1 0
iHR/db/db.go:32.3,32.50 1 0
iHR/db/repositories/employee.go:22.49,24.2 1 0
iHR/db/repositories/employee.go:26.78,27.52 1 0
iHR/db/repositories/employee.go:27.52,29.3 1 0
iHR/db/repositories/employee.go:31.2,31.22 1 0
iHR/db/repositories/employee.go:34.62,36.52 2 0
iHR/db/repositories/employee.go:36.52,38.3 1 0
iHR/db/repositories/employee.go:39.2,39.23 1 0
iHR/db/repositories/employee.go:42.68,44.55 2 0
iHR/db/repositories/employee.go:44.55,46.3 1 0
iHR/db/repositories/employee.go:47.2,47.22 1 0
iHR/db/repositories/employee.go:50.90,52.16 2 0
iHR/db/repositories/employee.go:52.16,54.3 1 0
iHR/db/repositories/employee.go:56.2,56.70 1 0
iHR/db/repositories/employee.go:56.70,58.3 1 0
iHR/db/repositories/employee.go:59.2,59.22 1 0
iHR/db/repositories/employee.go:62.54,64.16 2 0
iHR/db/repositories/employee.go:64.16,66.3 1 0
iHR/db/repositories/employee.go:67.2,67.44 1 0
iHR/db/repositories/mocks/EmployeeRepository.go:17.99,20.19 2 1
iHR/db/repositories/mocks/EmployeeRepository.go:20.19,21.56 1 0
iHR/db/repositories/mocks/EmployeeRepository.go:24.2,26.81 3 1
iHR/db/repositories/mocks/EmployeeRepository.go:26.81,28.3 1 0
iHR/db/repositories/mocks/EmployeeRepository.go:29.2,29.72 1 1
iHR/db/repositories/mocks/EmployeeRepository.go:29.72,31.3 1 0
iHR/db/repositories/mocks/EmployeeRepository.go:31.8,32.24 1 1
iHR/db/repositories/mocks/EmployeeRepository.go:32.24,34.4 1 1
iHR/db/repositories/mocks/EmployeeRepository.go:37.2,37.61 1 1
iHR/db/repositories/mocks/EmployeeRepository.go:37.61,39.3 1 0
iHR/db/repositories/mocks/EmployeeRepository.go:39.8,41.3 1 1
iHR/db/repositories/mocks/EmployeeRepository.go:43.2,43.15 1 1
iHR/db/repositories/mocks/EmployeeRepository.go:47.61,50.19 2 0
iHR/db/repositories/mocks/EmployeeRepository.go:50.19,51.56 1 0
iHR/db/repositories/mocks/EmployeeRepository.go:54.2,55.49 2 0
iHR/db/repositories/mocks/EmployeeRepository.go:55.49,57.3 1 0
iHR/db/repositories/mocks/EmployeeRepository.go:57.8,59.3 1 0
iHR/db/repositories/mocks/EmployeeRepository.go:61.2,61.11 1 0
iHR/db/repositories/mocks/EmployeeRepository.go:65.76,68.19 2 0
iHR/db/repositories/mocks/EmployeeRepository.go:68.19,69.57 1 0
iHR/db/repositories/mocks/EmployeeRepository.go:72.2,74.66 3 0
iHR/db/repositories/mocks/EmployeeRepository.go:74.66,76.3 1 0
iHR/db/repositories/mocks/EmployeeRepository.go:77.2,77.57 1 0
iHR/db/repositories/mocks/EmployeeRepository.go:77.57,79.3 1 0
iHR/db/repositories/mocks/EmployeeRepository.go:79.8,80.24 1 0
iHR/db/repositories/mocks/EmployeeRepository.go:80.24,82.4 1 0
iHR/db/repositories/mocks/EmployeeRepository.go:85.2,85.45 1 0
iHR/db/repositories/mocks/EmployeeRepository.go:85.45,87.3 1 0
iHR/db/repositories/mocks/EmployeeRepository.go:87.8,89.3 1 0
iHR/db/repositories/mocks/EmployeeRepository.go:91.2,91.15 1 0
iHR/db/repositories/mocks/EmployeeRepository.go:95.82,98.19 2 0
iHR/db/repositories/mocks/EmployeeRepository.go:98.19,99.57 1 0
iHR/db/repositories/mocks/EmployeeRepository.go:102.2,104.69 3 0
iHR/db/repositories/mocks/EmployeeRepository.go:104.69,106.3 1 0
iHR/db/repositories/mocks/EmployeeRepository.go:107.2,107.60 1 0
iHR/db/repositories/mocks/EmployeeRepository.go:107.60,109.3 1 0
iHR/db/repositories/mocks/EmployeeRepository.go:109.8,110.24 1 0
iHR/db/repositories/mocks/EmployeeRepository.go:110.24,112.4 1 0
iHR/db/repositories/mocks/EmployeeRepository.go:115.2,115.49 1 0
iHR/db/repositories/mocks/EmployeeRepository.go:115.49,117.3 1 0
iHR/db/repositories/mocks/EmployeeRepository.go:117.8,119.3 1 0
iHR/db/repositories/mocks/EmployeeRepository.go:121.2,121.15 1 0
iHR/db/repositories/mocks/EmployeeRepository.go:125.111,128.19 2 0
iHR/db/repositories/mocks/EmployeeRepository.go:128.19,129.60 1 0
iHR/db/repositories/mocks/EmployeeRepository.go:132.2,134.87 3 0
iHR/db/repositories/mocks/EmployeeRepository.go:134.87,136.3 1 0
iHR/db/repositories/mocks/EmployeeRepository.go:137.2,137.78 1 0
iHR/db/repositories/mocks/EmployeeRepository.go:137.78,139.3 1 0
iHR/db/repositories/mocks/EmployeeRepository.go:139.8,140.24 1 0
iHR/db/repositories/mocks/EmployeeRepository.go:140.24,142.4 1 0
iHR/db/repositories/mocks/EmployeeRepository.go:145.2,145.67 1 0
iHR/db/repositories/mocks/EmployeeRepository.go:145.67,147.3 1 0
iHR/db/repositories/mocks/EmployeeRepository.go:147.8,149.3 1 0
iHR/db/repositories/mocks/EmployeeRepository.go:151.2,151.15 1 0
iHR/db/repositories/mocks/EmployeeRepository.go:159.24,163.19 3 0
iHR/db/repositories/mocks/EmployeeRepository.go:163.19,163.49 1 0
iHR/db/repositories/mocks/EmployeeRepository.go:165.2,165.13 1 0
iHR/handler/employee/create_employee.go:10.58,12.51 2 1
iHR/handler/employee/create_employee.go:12.51,13.85 1 1
iHR/handler/employee/create_employee.go:13.85,16.4 2 1
iHR/handler/employee/create_employee.go:17.3,18.9 2 1
iHR/handler/employee/create_employee.go:21.2,22.65 2 1
iHR/handler/employee/create_employee.go:22.65,25.3 2 1
iHR/handler/employee/create_employee.go:27.2,27.38 1 1
iHR/handler/employee/delete_employee.go:11.58,13.16 2 0
iHR/handler/employee/delete_employee.go:13.16,16.3 2 0
iHR/handler/employee/delete_employee.go:18.2,18.56 1 0
iHR/handler/employee/delete_employee.go:18.56,19.45 1 0
iHR/handler/employee/delete_employee.go:19.45,22.4 2 0
iHR/handler/employee/delete_employee.go:22.9,25.4 2 0
iHR/handler/employee/delete_employee.go:28.2,28.61 1 0
iHR/handler/employee/get_all_employees.go:8.59,10.16 2 0
iHR/handler/employee/get_all_employees.go:10.16,13.3 2 0
iHR/handler/employee/get_all_employees.go:15.2,15.34 1 0
iHR/handler/employee/get_employee_by_id.go:11.59,13.16 2 0
iHR/handler/employee/get_employee_by_id.go:13.16,16.3 2 0
iHR/handler/employee/get_employee_by_id.go:17.2,18.16 2 0
iHR/handler/employee/get_employee_by_id.go:18.16,19.45 1 0
iHR/handler/employee/get_employee_by_id.go:19.45,22.4 2 0
iHR/handler/employee/get_employee_by_id.go:22.9,25.4 2 0
iHR/handler/employee/get_employee_by_id.go:27.2,27.33 1 0
iHR/handler/employee/type.go:9.69,11.2 1 1
iHR/handler/employee/update_employee.go:13.58,15.16 2 0
iHR/handler/employee/update_employee.go:15.16,18.3 2 0
iHR/handler/employee/update_employee.go:20.2,21.50 2 0
iHR/handler/employee/update_employee.go:21.50,23.42 2 0
iHR/handler/employee/update_employee.go:23.42,27.4 3 0
iHR/handler/employee/update_employee.go:29.3,30.9 2 0
iHR/handler/employee/update_employee.go:33.2,34.16 2 0
iHR/handler/employee/update_employee.go:34.16,37.3 2 0
iHR/handler/employee/update_employee.go:38.2,38.33 1 0
iHR/utils/utils.go:9.57,11.41 2 1
iHR/utils/utils.go:11.41,14.3 2 1
iHR/utils/utils.go:15.2,15.18 1 1
